# JRE version: Java(TM) SE Runtime Environment (8.0_31-b13) (build 1.8.0_31-b13)
# Java VM: Java HotSpot(TM) Client VM (25.31-b07 mixed mode, sharing windows-x86 )
Heap:
 def new generation   total 13568K, used 2273K [0x03a00000, 0x048b0000, 0x08f50000)
  eden space 12096K,  11% used [0x03a00000, 0x03b530c8, 0x045d0000)
  from space 1472K,  62% used [0x04740000, 0x048256b8, 0x048b0000)
  to   space 1472K,   0% used [0x045d0000, 0x045d0000, 0x04740000)
 tenured generation   total 29932K, used 21447K [0x08f50000, 0x0ac8b000, 0x13a00000)
   the space 29932K,  71% used [0x08f50000, 0x0a441db8, 0x0a441e00, 0x0ac8b000)
 Metaspace       used 1733K, capacity 2819K, committed 2880K, reserved 4480K
GC Heap History (10 events):
Event: 78.263 GC heap before
{Heap before GC invocations=822 (full 87):
 def new generation   total 13568K, used 12300K [0x03a00000, 0x048b0000, 0x08f50000)
  eden space 12096K,  94% used [0x03a00000, 0x0451fd28, 0x045d0000)
  from space 1472K,  61% used [0x045d0000, 0x046b32f0, 0x04740000)
  to   space 1472K,   0% used [0x04740000, 0x04740000, 0x048b0000)
 tenured generation   total 29932K, used 17846K [0x08f50000, 0x0ac8b000, 0x13a00000)
   the space 29932K,  59% used [0x08f50000, 0x0a0bdab0, 0x0a0bdc00, 0x0ac8b000)
 Metaspace       used 1733K, capacity 2819K, committed 2880K, reserved 4480K
Event: 78.265 GC heap after
Heap after GC invocations=823 (full 87):
 def new generation   total 13568K, used 9K [0x03a00000, 0x048b0000, 0x08f50000)
  eden space 12096K,   0% used [0x03a00000, 0x03a00000, 0x045d0000)
  from space 1472K,   0% used [0x04740000, 0x047426f0, 0x048b0000)
  to   space 1472K,   0% used [0x045d0000, 0x045d0000, 0x04740000)
 tenured generation   total 29932K, used 17846K [0x08f50000, 0x0ac8b000, 0x13a00000)
   the space 29932K,  59% used [0x08f50000, 0x0a0bdbb0, 0x0a0bdc00, 0x0ac8b000)
 Metaspace       used 1733K, capacity 2819K, committed 2880K, reserved 4480K
}
Event: 78.566 GC heap before
{Heap before GC invocations=823 (full 87):
 def new generation   total 13568K, used 12217K [0x03a00000, 0x048b0000, 0x08f50000)
  eden space 12096K,  93% used [0x03a00000, 0x0450b068, 0x045d0000)
  from space 1472K,  61% used [0x04740000, 0x04823700, 0x048b0000)
  to   space 1472K,   0% used [0x045d0000, 0x045d0000, 0x04740000)
 tenured generation   total 29932K, used 17846K [0x08f50000, 0x0ac8b000, 0x13a00000)
   the space 29932K,  59% used [0x08f50000, 0x0a0bdbb0, 0x0a0bdc00, 0x0ac8b000)
 Metaspace       used 1733K, capacity 2819K, committed 2880K, reserved 4480K
Event: 78.569 GC heap after
Heap after GC invocations=824 (full 87):
 def new generation   total 13568K, used 913K [0x03a00000, 0x048b0000, 0x08f50000)
  eden space 12096K,   0% used [0x03a00000, 0x03a00000, 0x045d0000)
  from space 1472K,  62% used [0x045d0000, 0x046b4680, 0x04740000)
  to   space 1472K,   0% used [0x04740000, 0x04740000, 0x048b0000)
 tenured generation   total 29932K, used 18746K [0x08f50000, 0x0ac8b000, 0x13a00000)
   the space 29932K,  62% used [0x08f50000, 0x0a19ebc0, 0x0a19ec00, 0x0ac8b000)
 Metaspace       used 1733K, capacity 2819K, committed 2880K, reserved 4480K
}
Event: 78.827 GC heap before
{Heap before GC invocations=824 (full 87):
 def new generation   total 13568K, used 12269K [0x03a00000, 0x048b0000, 0x08f50000)
  eden space 12096K,  93% used [0x03a00000, 0x04516df8, 0x045d0000)
  from space 1472K,  62% used [0x045d0000, 0x046b4680, 0x04740000)
  to   space 1472K,   0% used [0x04740000, 0x04740000, 0x048b0000)
 tenured generation   total 29932K, used 18746K [0x08f50000, 0x0ac8b000, 0x13a00000)
   the space 29932K,  62% used [0x08f50000, 0x0a19ebc0, 0x0a19ec00, 0x0ac8b000)
 Metaspace       used 1733K, capacity 2819K, committed 2880K, reserved 4480K
Event: 78.831 GC heap after
Heap after GC invocations=825 (full 87):
 def new generation   total 13568K, used 912K [0x03a00000, 0x048b0000, 0x08f50000)
  eden space 12096K,   0% used [0x03a00000, 0x03a00000, 0x045d0000)
  from space 1472K,  62% used [0x04740000, 0x04824308, 0x048b0000)
  to   space 1472K,   0% used [0x045d0000, 0x045d0000, 0x04740000)
 tenured generation   total 29932K, used 19647K [0x08f50000, 0x0ac8b000, 0x13a00000)
   the space 29932K,  65% used [0x08f50000, 0x0a27fd08, 0x0a27fe00, 0x0ac8b000)
 Metaspace       used 1733K, capacity 2819K, committed 2880K, reserved 4480K
}
Event: 79.154 GC heap before
{Heap before GC invocations=825 (full 87):
 def new generation   total 13568K, used 12245K [0x03a00000, 0x048b0000, 0x08f50000)
  eden space 12096K,  93% used [0x03a00000, 0x04511440, 0x045d0000)
  from space 1472K,  62% used [0x04740000, 0x04824308, 0x048b0000)
  to   space 1472K,   0% used [0x045d0000, 0x045d0000, 0x04740000)
 tenured generation   total 29932K, used 20547K [0x08f50000, 0x0ac8b000, 0x13a00000)
   the space 29932K,  68% used [0x08f50000, 0x0a360d18, 0x0a360e00, 0x0ac8b000)
 Metaspace       used 1733K, capacity 2819K, committed 2880K, reserved 4480K
Event: 79.155 GC heap after
Heap after GC invocations=826 (full 87):
 def new generation   total 13568K, used 17K [0x03a00000, 0x048b0000, 0x08f50000)
  eden space 12096K,   0% used [0x03a00000, 0x03a00000, 0x045d0000)
  from space 1472K,   1% used [0x045d0000, 0x045d4488, 0x04740000)
  to   space 1472K,   0% used [0x04740000, 0x04740000, 0x048b0000)
 tenured generation   total 29932K, used 20547K [0x08f50000, 0x0ac8b000, 0x13a00000)
   the space 29932K,  68% used [0x08f50000, 0x0a360da8, 0x0a360e00, 0x0ac8b000)
 Metaspace       used 1733K, capacity 2819K, committed 2880K, reserved 4480K
}
Event: 79.423 GC heap before
{Heap before GC invocations=826 (full 87):
 def new generation   total 13568K, used 12260K [0x03a00000, 0x048b0000, 0x08f50000)
  eden space 12096K,  93% used [0x03a00000, 0x04513e10, 0x045d0000)
  from space 1472K,  62% used [0x045d0000, 0x046b5498, 0x04740000)
  to   space 1472K,   0% used [0x04740000, 0x04740000, 0x048b0000)
 tenured generation   total 29932K, used 20547K [0x08f50000, 0x0ac8b000, 0x13a00000)
   the space 29932K,  68% used [0x08f50000, 0x0a360da8, 0x0a360e00, 0x0ac8b000)
 Metaspace       used 1733K, capacity 2819K, committed 2880K, reserved 4480K
Event: 79.426 GC heap after
Heap after GC invocations=827 (full 87):
 def new generation   total 13568K, used 917K [0x03a00000, 0x048b0000, 0x08f50000)
  eden space 12096K,   0% used [0x03a00000, 0x03a00000, 0x045d0000)
  from space 1472K,  62% used [0x04740000, 0x048256b8, 0x048b0000)
  to   space 1472K,   0% used [0x045d0000, 0x045d0000, 0x04740000)
 tenured generation   total 29932K, used 21447K [0x08f50000, 0x0ac8b000, 0x13a00000)
   the space 29932K,  71% used [0x08f50000, 0x0a441db8, 0x0a441e00, 0x0ac8b000)
 Metaspace       used 1733K, capacity 2819K, committed 2880K, reserved 4480K
}

