# JRE version: Java(TM) SE Runtime Environment (8.0_31-b13) (build 1.8.0_31-b13)
# Java VM: Java HotSpot(TM) Client VM (25.31-b07 mixed mode, sharing windows-x86 )
Heap:
 def new generation   total 7040K, used 3063K [0x03c00000, 0x043a0000, 0x09150000)
  eden space 6272K,  48% used [0x03c00000, 0x03efd0c0, 0x04220000)
  from space 768K,   0% used [0x042e0000, 0x042e0e58, 0x043a0000)
  to   space 768K,   0% used [0x04220000, 0x04220000, 0x042e0000)
 tenured generation   total 15496K, used 7159K [0x09150000, 0x0a072000, 0x13c00000)
   the space 15496K,  46% used [0x09150000, 0x0984dea0, 0x0984e000, 0x0a072000)
 Metaspace       used 1471K, capacity 2844K, committed 2880K, reserved 4480K
GC Heap History (10 events):
Event: 199.563 GC heap before
{Heap before GC invocations=3061 (full 747):
 def new generation   total 5824K, used 4610K [0x03c00000, 0x04250000, 0x09150000)
  eden space 5184K,  88% used [0x03c00000, 0x04080800, 0x04110000)
  from space 640K,   0% used [0x041b0000, 0x041b0000, 0x04250000)
  to   space 640K,   0% used [0x04110000, 0x04110000, 0x041b0000)
 tenured generation   total 12784K, used 3559K [0x09150000, 0x09dcc000, 0x13c00000)
   the space 12784K,  27% used [0x09150000, 0x094c9dd8, 0x094c9e00, 0x09dcc000)
 Metaspace       used 1471K, capacity 2844K, committed 2880K, reserved 4480K
Event: 199.566 GC heap after
Heap after GC invocations=3062 (full 747):
 def new generation   total 5824K, used 3K [0x03c00000, 0x04250000, 0x09150000)
  eden space 5184K,   0% used [0x03c00000, 0x03c00000, 0x04110000)
  from space 640K,   0% used [0x04110000, 0x04110c88, 0x041b0000)
  to   space 640K,   0% used [0x041b0000, 0x041b0000, 0x04250000)
 tenured generation   total 12784K, used 5359K [0x09150000, 0x09dcc000, 0x13c00000)
   the space 12784K,  41% used [0x09150000, 0x0968bdf8, 0x0968be00, 0x09dcc000)
 Metaspace       used 1471K, capacity 2844K, committed 2880K, reserved 4480K
}
Event: 199.608 GC heap before
{Heap before GC invocations=3062 (full 747):
 def new generation   total 5824K, used 4610K [0x03c00000, 0x04250000, 0x09150000)
  eden space 5184K,  88% used [0x03c00000, 0x0407fd38, 0x04110000)
  from space 640K,   0% used [0x04110000, 0x04110c88, 0x041b0000)
  to   space 640K,   0% used [0x041b0000, 0x041b0000, 0x04250000)
 tenured generation   total 12784K, used 6259K [0x09150000, 0x09dcc000, 0x13c00000)
   the space 12784K,  48% used [0x09150000, 0x0976ce08, 0x0976d000, 0x09dcc000)
 Metaspace       used 1471K, capacity 2844K, committed 2880K, reserved 4480K
Event: 199.612 GC heap after
Heap after GC invocations=3063 (full 747):
 def new generation   total 5824K, used 4K [0x03c00000, 0x04250000, 0x09150000)
  eden space 5184K,   0% used [0x03c00000, 0x03c00000, 0x04110000)
  from space 640K,   0% used [0x041b0000, 0x041b11e0, 0x04250000)
  to   space 640K,   0% used [0x04110000, 0x04110000, 0x041b0000)
 tenured generation   total 12784K, used 8959K [0x09150000, 0x09dcc000, 0x13c00000)
   the space 12784K,  70% used [0x09150000, 0x09a0fe38, 0x09a10000, 0x09dcc000)
 Metaspace       used 1471K, capacity 2844K, committed 2880K, reserved 4480K
}
Event: 199.659 GC heap before
{Heap before GC invocations=3063 (full 747):
 def new generation   total 5824K, used 4618K [0x03c00000, 0x04250000, 0x09150000)
  eden space 5184K,  89% used [0x03c00000, 0x04081808, 0x04110000)
  from space 640K,   0% used [0x041b0000, 0x041b11e0, 0x04250000)
  to   space 640K,   0% used [0x04110000, 0x04110000, 0x041b0000)
 tenured generation   total 12784K, used 8959K [0x09150000, 0x09dcc000, 0x13c00000)
   the space 12784K,  70% used [0x09150000, 0x09a0fe38, 0x09a10000, 0x09dcc000)
 Metaspace       used 1471K, capacity 2844K, committed 2880K, reserved 4480K
Event: 199.664 GC heap after
Heap after GC invocations=3064 (full 747):
 def new generation   total 5824K, used 4K [0x03c00000, 0x04250000, 0x09150000)
  eden space 5184K,   0% used [0x03c00000, 0x03c00000, 0x04110000)
  from space 640K,   0% used [0x04110000, 0x041110f0, 0x041b0000)
  to   space 640K,   0% used [0x041b0000, 0x041b0000, 0x04250000)
 tenured generation   total 12784K, used 12559K [0x09150000, 0x09dcc000, 0x13c00000)
   the space 12784K,  98% used [0x09150000, 0x09d93e78, 0x09d94000, 0x09dcc000)
 Metaspace       used 1471K, capacity 2844K, committed 2880K, reserved 4480K
}
Event: 199.704 GC heap before
{Heap before GC invocations=3064 (full 747):
 def new generation   total 5824K, used 4639K [0x03c00000, 0x04250000, 0x09150000)
  eden space 5184K,  89% used [0x03c00000, 0x04086d00, 0x04110000)
  from space 640K,   0% used [0x04110000, 0x041110f0, 0x041b0000)
  to   space 640K,   0% used [0x041b0000, 0x041b0000, 0x04250000)
 tenured generation   total 13688K, used 13459K [0x09150000, 0x09eae000, 0x13c00000)
   the space 13688K,  98% used [0x09150000, 0x09e74e88, 0x09e75000, 0x09eae000)
 Metaspace       used 1471K, capacity 2844K, committed 2880K, reserved 4480K
Event: 199.708 GC heap after
Heap after GC invocations=3065 (full 747):
 def new generation   total 5824K, used 3K [0x03c00000, 0x04250000, 0x09150000)
  eden space 5184K,   0% used [0x03c00000, 0x03c00000, 0x04110000)
  from space 640K,   0% used [0x041b0000, 0x041b0fc8, 0x04250000)
  to   space 640K,   0% used [0x04110000, 0x04110000, 0x041b0000)
 tenured generation   total 15496K, used 15259K [0x09150000, 0x0a072000, 0x13c00000)
   the space 15496K,  98% used [0x09150000, 0x0a036ea8, 0x0a037000, 0x0a072000)
 Metaspace       used 1471K, capacity 2844K, committed 2880K, reserved 4480K
}
Event: 199.751 GC heap before
{Heap before GC invocations=3065 (full 747):
 def new generation   total 5824K, used 4620K [0x03c00000, 0x04250000, 0x09150000)
  eden space 5184K,  89% used [0x03c00000, 0x04082190, 0x04110000)
  from space 640K,   0% used [0x041b0000, 0x041b0fc8, 0x04250000)
  to   space 640K,   0% used [0x04110000, 0x04110000, 0x041b0000)
 tenured generation   total 15496K, used 15259K [0x09150000, 0x0a072000, 0x13c00000)
   the space 15496K,  98% used [0x09150000, 0x0a036ea8, 0x0a037000, 0x0a072000)
 Metaspace       used 1471K, capacity 2844K, committed 2880K, reserved 4480K
Event: 199.776 GC heap after
Heap after GC invocations=3066 (full 748):
 def new generation   total 7040K, used 0K [0x03c00000, 0x043a0000, 0x09150000)
  eden space 6272K,   0% used [0x03c00000, 0x03c00000, 0x04220000)
  from space 768K,   0% used [0x04220000, 0x04220000, 0x042e0000)
  to   space 768K,   0% used [0x042e0000, 0x042e0000, 0x043a0000)
 tenured generation   total 15496K, used 4459K [0x09150000, 0x0a072000, 0x13c00000)
   the space 15496K,  28% used [0x09150000, 0x095aae70, 0x095ab000, 0x0a072000)
 Metaspace       used 1471K, capacity 2844K, committed 2880K, reserved 4480K
}

